<?xml version="1.0" encoding="UTF-8"?>
<testng-results ignored="0" total="1" passed="1" failed="0" skipped="0">
  <reporter-output>
  </reporter-output>
  <suite started-at="2024-02-17T16:34:50 IST" name="Default suite" finished-at="2024-02-17T16:34:50 IST" duration-ms="116">
    <groups>
    </groups>
    <test started-at="2024-02-17T16:34:50 IST" name="Default test" finished-at="2024-02-17T16:34:50 IST" duration-ms="116">
      <class name="com.demo.AppTest">
        <test-method signature="testApp()[pri:0, instance:com.demo.AppTest@f5ac9e4]" started-at="2024-02-17T16:34:50 IST" name="testApp" finished-at="2024-02-17T16:34:50 IST" duration-ms="22" status="PASS">
          <reporter-output>
          </reporter-output>
        </test-method> <!-- testApp -->
      </class> <!-- com.demo.AppTest -->
    </test> <!-- Default test -->
  </suite> <!-- Default suite -->
</testng-results>
